<?xml version="1.0" encoding="UTF-8"?>
<testsuite xmlns:xsi="http://www.w3.org/2001/XMLSchema-instance" xsi:noNamespaceSchemaLocation="https://maven.apache.org/surefire/maven-surefire-plugin/xsd/surefire-test-report-3.0.xsd" version="3.0" name="com.dgtic.modulo3.unidad1.procesadorpedidos.NotificacionTest" time="2.132" tests="2" errors="0" skipped="0" failures="0">
  <properties>
[...]
</properties>
  <testcase name="cuandoEnviarNotificacionValidarEstadoDiferente" classname="com.dgtic.modulo3.unidad1.procesadorpedidos.NotificacionTest" time="2.088">
    <system-out><![CDATA[Notificación enviada a: Destino por el canal: 8989
]]></system-out>
  </testcase>
  <testcase name="cuandoEnviarNotificacionYDestinoNuloEntoncesValidarNullPointerException" classname="com.dgtic.modulo3.unidad1.procesadorpedidos.NotificacionTest" time="0.005"/>
</testsuite>